{
"contracts\\SimpleDex.sol":{"l":{"18":32,"19":32,"23":26,"24":25,"25":25,"26":25,"27":25,"28":25,"32":6,"33":4,"34":4,"35":4,"36":4,"37":4,"41":7,"42":6,"43":5,"44":5,"45":5,"46":3,"47":3,"48":3,"49":3,"53":5,"54":4,"55":3,"56":3,"57":3,"58":3,"59":3,"60":3,"61":3,"65":7,"66":3,"67":2,"69":3,"70":2,"72":1,"77":8,"78":8,"79":8,"80":8,"81":8,"82":8,"83":8},"path":"C:\\Users\\lrmf\\Documents\\Estudo\\Blockchain\\ethereumdeveloperpacker\\Modulo4\\my-hardhat-project\\contracts\\SimpleDex.sol","s":{"1":26,"2":25,"3":25,"4":25,"5":6,"6":4,"7":4,"8":4,"9":7,"10":6,"11":5,"12":5,"13":5,"14":3,"15":3,"16":5,"17":4,"18":3,"19":3,"20":3,"21":3,"22":3,"23":7,"24":3,"25":1,"26":2,"27":4,"28":3,"29":1,"30":2,"31":1,"32":8,"33":8,"34":8,"35":8,"36":8,"37":8,"38":8},"b":{"1":[26,1],"2":[25,1],"3":[24,1],"4":[6,1],"5":[4,2],"6":[7,0],"7":[6,1],"8":[5,1],"9":[5,0],"10":[5,0],"11":[4,1],"12":[3,1],"13":[3,0],"14":[3,4],"15":[1,2],"16":[3,1],"17":[1,2],"18":[8,0],"19":[8,0]},"f":{"1":32,"2":26,"3":6,"4":7,"5":5,"6":7,"7":8},"fnMap":{"1":{"name":"constructor","line":17,"loc":{"start":{"line":17,"column":4},"end":{"line":20,"column":4}}},"2":{"name":"addLiquidity","line":22,"loc":{"start":{"line":22,"column":4},"end":{"line":29,"column":4}}},"3":{"name":"removeLiquidity","line":31,"loc":{"start":{"line":31,"column":4},"end":{"line":38,"column":4}}},"4":{"name":"swapAforB","line":40,"loc":{"start":{"line":40,"column":4},"end":{"line":50,"column":4}}},"5":{"name":"swapBforA","line":52,"loc":{"start":{"line":52,"column":4},"end":{"line":62,"column":4}}},"6":{"name":"getPrice","line":64,"loc":{"start":{"line":64,"column":4},"end":{"line":74,"column":4}}},"7":{"name":"getAmountOut","line":76,"loc":{"start":{"line":76,"column":4},"end":{"line":84,"column":4}}}},"statementMap":{"1":{"start":{"line":23,"column":8},"end":{"line":23,"column":79}},"2":{"start":{"line":24,"column":8},"end":{"line":24,"column":62}},"3":{"start":{"line":25,"column":8},"end":{"line":25,"column":62}},"4":{"start":{"line":28,"column":8},"end":{"line":28,"column":47}},"5":{"start":{"line":32,"column":8},"end":{"line":32,"column":84}},"6":{"start":{"line":35,"column":8},"end":{"line":35,"column":43}},"7":{"start":{"line":36,"column":8},"end":{"line":36,"column":43}},"8":{"start":{"line":37,"column":8},"end":{"line":37,"column":50}},"9":{"start":{"line":41,"column":8},"end":{"line":41,"column":68}},"10":{"start":{"line":42,"column":8},"end":{"line":42,"column":71}},"11":{"start":{"line":43,"column":8},"end":{"line":43,"column":72}},"12":{"start":{"line":44,"column":8},"end":{"line":44,"column":75}},"13":{"start":{"line":45,"column":8},"end":{"line":45,"column":64}},"14":{"start":{"line":46,"column":8},"end":{"line":46,"column":46}},"15":{"start":{"line":49,"column":8},"end":{"line":49,"column":49}},"16":{"start":{"line":53,"column":8},"end":{"line":53,"column":68}},"17":{"start":{"line":54,"column":8},"end":{"line":54,"column":71}},"18":{"start":{"line":55,"column":8},"end":{"line":55,"column":72}},"19":{"start":{"line":56,"column":8},"end":{"line":56,"column":75}},"20":{"start":{"line":57,"column":8},"end":{"line":57,"column":64}},"21":{"start":{"line":58,"column":8},"end":{"line":58,"column":46}},"22":{"start":{"line":61,"column":8},"end":{"line":61,"column":49}},"23":{"start":{"line":65,"column":8},"end":{"line":65,"column":2813}},"24":{"start":{"line":66,"column":12},"end":{"line":66,"column":39}},"25":{"start":{"line":66,"column":31},"end":{"line":66,"column":39}},"26":{"start":{"line":67,"column":12},"end":{"line":67,"column":47}},"27":{"start":{"line":68,"column":15},"end":{"line":68,"column":2954}},"28":{"start":{"line":69,"column":12},"end":{"line":69,"column":39}},"29":{"start":{"line":69,"column":31},"end":{"line":69,"column":39}},"30":{"start":{"line":70,"column":12},"end":{"line":70,"column":47}},"31":{"start":{"line":72,"column":12},"end":{"line":72,"column":42}},"32":{"start":{"line":77,"column":8},"end":{"line":77,"column":89}},"33":{"start":{"line":78,"column":8},"end":{"line":78,"column":48}},"34":{"start":{"line":79,"column":8},"end":{"line":79,"column":51}},"35":{"start":{"line":80,"column":8},"end":{"line":80,"column":54}},"36":{"start":{"line":81,"column":8},"end":{"line":81,"column":54}},"37":{"start":{"line":82,"column":8},"end":{"line":82,"column":65}},"38":{"start":{"line":83,"column":8},"end":{"line":83,"column":24}}},"branchMap":{"1":{"line":22,"type":"if","locations":[{"start":{"line":22,"column":69},"end":{"line":22,"column":69}},{"start":{"line":22,"column":69},"end":{"line":22,"column":69}}]},"2":{"line":23,"type":"if","locations":[{"start":{"line":23,"column":8},"end":{"line":23,"column":8}},{"start":{"line":23,"column":8},"end":{"line":23,"column":8}}]},"3":{"line":23,"type":"cond-expr","locations":[{"start":{"line":23,"column":16},"end":{"line":23,"column":26}},{"start":{"line":23,"column":31},"end":{"line":23,"column":41}}]},"4":{"line":31,"type":"if","locations":[{"start":{"line":31,"column":72},"end":{"line":31,"column":72}},{"start":{"line":31,"column":72},"end":{"line":31,"column":72}}]},"5":{"line":32,"type":"if","locations":[{"start":{"line":32,"column":8},"end":{"line":32,"column":8}},{"start":{"line":32,"column":8},"end":{"line":32,"column":8}}]},"6":{"line":40,"type":"if","locations":[{"start":{"line":40,"column":51},"end":{"line":40,"column":51}},{"start":{"line":40,"column":51},"end":{"line":40,"column":51}}]},"7":{"line":41,"type":"if","locations":[{"start":{"line":41,"column":8},"end":{"line":41,"column":8}},{"start":{"line":41,"column":8},"end":{"line":41,"column":8}}]},"8":{"line":42,"type":"if","locations":[{"start":{"line":42,"column":8},"end":{"line":42,"column":8}},{"start":{"line":42,"column":8},"end":{"line":42,"column":8}}]},"9":{"line":44,"type":"if","locations":[{"start":{"line":44,"column":8},"end":{"line":44,"column":8}},{"start":{"line":44,"column":8},"end":{"line":44,"column":8}}]},"10":{"line":52,"type":"if","locations":[{"start":{"line":52,"column":51},"end":{"line":52,"column":51}},{"start":{"line":52,"column":51},"end":{"line":52,"column":51}}]},"11":{"line":53,"type":"if","locations":[{"start":{"line":53,"column":8},"end":{"line":53,"column":8}},{"start":{"line":53,"column":8},"end":{"line":53,"column":8}}]},"12":{"line":54,"type":"if","locations":[{"start":{"line":54,"column":8},"end":{"line":54,"column":8}},{"start":{"line":54,"column":8},"end":{"line":54,"column":8}}]},"13":{"line":56,"type":"if","locations":[{"start":{"line":56,"column":8},"end":{"line":56,"column":8}},{"start":{"line":56,"column":8},"end":{"line":56,"column":8}}]},"14":{"line":65,"type":"if","locations":[{"start":{"line":65,"column":8},"end":{"line":65,"column":8}},{"start":{"line":65,"column":8},"end":{"line":65,"column":8}}]},"15":{"line":66,"type":"if","locations":[{"start":{"line":66,"column":12},"end":{"line":66,"column":12}},{"start":{"line":66,"column":12},"end":{"line":66,"column":12}}]},"16":{"line":68,"type":"if","locations":[{"start":{"line":68,"column":15},"end":{"line":68,"column":15}},{"start":{"line":68,"column":15},"end":{"line":68,"column":15}}]},"17":{"line":69,"type":"if","locations":[{"start":{"line":69,"column":12},"end":{"line":69,"column":12}},{"start":{"line":69,"column":12},"end":{"line":69,"column":12}}]},"18":{"line":77,"type":"if","locations":[{"start":{"line":77,"column":8},"end":{"line":77,"column":8}},{"start":{"line":77,"column":8},"end":{"line":77,"column":8}}]},"19":{"line":82,"type":"if","locations":[{"start":{"line":82,"column":8},"end":{"line":82,"column":8}},{"start":{"line":82,"column":8},"end":{"line":82,"column":8}}]}}},
"contracts\\TokenA.sol":{"l":{"10":69,"14":11,"18":6},"path":"C:\\Users\\lrmf\\Documents\\Estudo\\Blockchain\\ethereumdeveloperpacker\\Modulo4\\my-hardhat-project\\contracts\\TokenA.sol","s":{"1":69,"2":11,"3":6},"b":{"1":[11,1],"2":[6,1]},"f":{"1":69,"2":11,"3":6},"fnMap":{"1":{"name":"constructor","line":9,"loc":{"start":{"line":9,"column":4},"end":{"line":11,"column":4}}},"2":{"name":"mint","line":13,"loc":{"start":{"line":13,"column":4},"end":{"line":15,"column":4}}},"3":{"name":"burn","line":17,"loc":{"start":{"line":17,"column":4},"end":{"line":19,"column":4}}}},"statementMap":{"1":{"start":{"line":10,"column":8},"end":{"line":10,"column":39}},"2":{"start":{"line":14,"column":8},"end":{"line":14,"column":24}},"3":{"start":{"line":18,"column":8},"end":{"line":18,"column":32}}},"branchMap":{"1":{"line":13,"type":"if","locations":[{"start":{"line":13,"column":53},"end":{"line":13,"column":53}},{"start":{"line":13,"column":53},"end":{"line":13,"column":53}}]},"2":{"line":17,"type":"if","locations":[{"start":{"line":17,"column":41},"end":{"line":17,"column":41}},{"start":{"line":17,"column":41},"end":{"line":17,"column":41}}]}}},
"contracts\\TokenB.sol":{"l":{"10":69,"14":11,"18":6},"path":"C:\\Users\\lrmf\\Documents\\Estudo\\Blockchain\\ethereumdeveloperpacker\\Modulo4\\my-hardhat-project\\contracts\\TokenB.sol","s":{"1":69,"2":11,"3":6},"b":{"1":[11,1],"2":[6,1]},"f":{"1":69,"2":11,"3":6},"fnMap":{"1":{"name":"constructor","line":9,"loc":{"start":{"line":9,"column":4},"end":{"line":11,"column":4}}},"2":{"name":"mint","line":13,"loc":{"start":{"line":13,"column":4},"end":{"line":15,"column":4}}},"3":{"name":"burn","line":17,"loc":{"start":{"line":17,"column":4},"end":{"line":19,"column":4}}}},"statementMap":{"1":{"start":{"line":10,"column":8},"end":{"line":10,"column":39}},"2":{"start":{"line":14,"column":8},"end":{"line":14,"column":24}},"3":{"start":{"line":18,"column":8},"end":{"line":18,"column":32}}},"branchMap":{"1":{"line":13,"type":"if","locations":[{"start":{"line":13,"column":53},"end":{"line":13,"column":53}},{"start":{"line":13,"column":53},"end":{"line":13,"column":53}}]},"2":{"line":17,"type":"if","locations":[{"start":{"line":17,"column":41},"end":{"line":17,"column":41}},{"start":{"line":17,"column":41},"end":{"line":17,"column":41}}]}}}}
