TN:
SF:C:\Users\lrmf\Documents\Estudo\Blockchain\ethereumdeveloperpacker\Modulo4\my-hardhat-project\contracts\SimpleDex.sol
FN:17,constructor
FN:22,addLiquidity
FN:31,removeLiquidity
FN:40,swapAforB
FN:52,swapBforA
FN:64,getPrice
FN:76,getAmountOut
FNF:7
FNH:7
FNDA:32,constructor
FNDA:26,addLiquidity
FNDA:6,removeLiquidity
FNDA:7,swapAforB
FNDA:5,swapBforA
FNDA:7,getPrice
FNDA:8,getAmountOut
DA:18,32
DA:19,32
DA:23,26
DA:24,25
DA:25,25
DA:26,25
DA:27,25
DA:28,25
DA:32,6
DA:33,4
DA:34,4
DA:35,4
DA:36,4
DA:37,4
DA:41,7
DA:42,6
DA:43,5
DA:44,5
DA:45,5
DA:46,3
DA:47,3
DA:48,3
DA:49,3
DA:53,5
DA:54,4
DA:55,3
DA:56,3
DA:57,3
DA:58,3
DA:59,3
DA:60,3
DA:61,3
DA:65,7
DA:66,3
DA:67,2
DA:69,3
DA:70,2
DA:72,1
DA:77,8
DA:78,8
DA:79,8
DA:80,8
DA:81,8
DA:82,8
DA:83,8
LF:45
LH:45
BRDA:22,1,0,26
BRDA:22,1,1,1
BRDA:23,2,0,25
BRDA:23,2,1,1
BRDA:23,3,0,24
BRDA:23,3,1,1
BRDA:31,4,0,6
BRDA:31,4,1,1
BRDA:32,5,0,4
BRDA:32,5,1,2
BRDA:40,6,0,7
BRDA:40,6,1,0
BRDA:41,7,0,6
BRDA:41,7,1,1
BRDA:42,8,0,5
BRDA:42,8,1,1
BRDA:44,9,0,5
BRDA:44,9,1,0
BRDA:52,10,0,5
BRDA:52,10,1,0
BRDA:53,11,0,4
BRDA:53,11,1,1
BRDA:54,12,0,3
BRDA:54,12,1,1
BRDA:56,13,0,3
BRDA:56,13,1,0
BRDA:65,14,0,3
BRDA:65,14,1,4
BRDA:66,15,0,1
BRDA:66,15,1,2
BRDA:68,16,0,3
BRDA:68,16,1,1
BRDA:69,17,0,1
BRDA:69,17,1,2
BRDA:77,18,0,8
BRDA:77,18,1,0
BRDA:82,19,0,8
BRDA:82,19,1,0
BRF:38
BRH:32
end_of_record
TN:
SF:C:\Users\lrmf\Documents\Estudo\Blockchain\ethereumdeveloperpacker\Modulo4\my-hardhat-project\contracts\TokenA.sol
FN:9,constructor
FN:13,mint
FN:17,burn
FNF:3
FNH:3
FNDA:69,constructor
FNDA:11,mint
FNDA:6,burn
DA:10,69
DA:14,11
DA:18,6
LF:3
LH:3
BRDA:13,1,0,11
BRDA:13,1,1,1
BRDA:17,2,0,6
BRDA:17,2,1,1
BRF:4
BRH:4
end_of_record
TN:
SF:C:\Users\lrmf\Documents\Estudo\Blockchain\ethereumdeveloperpacker\Modulo4\my-hardhat-project\contracts\TokenB.sol
FN:9,constructor
FN:13,mint
FN:17,burn
FNF:3
FNH:3
FNDA:69,constructor
FNDA:11,mint
FNDA:6,burn
DA:10,69
DA:14,11
DA:18,6
LF:3
LH:3
BRDA:13,1,0,11
BRDA:13,1,1,1
BRDA:17,2,0,6
BRDA:17,2,1,1
BRF:4
BRH:4
end_of_record
